<?xml version="1.0" encoding="UTF-8"?>
<testng-results skipped="0" failed="0" ignored="0" total="1" passed="1">
  <reporter-output>
  </reporter-output>
  <suite name="Default suite" duration-ms="44638" started-at="2018-06-20T05:23:26Z" finished-at="2018-06-20T05:24:10Z">
    <groups>
    </groups>
    <test name="Default test" duration-ms="44638" started-at="2018-06-20T05:23:26Z" finished-at="2018-06-20T05:24:10Z">
      <class name="OrangeHrmLIve.HomePageTest">
        <test-method status="PASS" signature="setUp()[pri:0, instance:OrangeHrmLIve.HomePageTest@6a1aab78]" name="setUp" is-config="true" duration-ms="17052" started-at="2018-06-20T05:23:26Z" finished-at="2018-06-20T05:23:43Z">
          <reporter-output>
          </reporter-output>
        </test-method> <!-- setUp -->
        <test-method status="PASS" signature="createAndVerifyCandidateProfile()[pri:0, instance:OrangeHrmLIve.HomePageTest@6a1aab78]" name="createAndVerifyCandidateProfile" duration-ms="25915" started-at="2018-06-20T05:23:43Z" finished-at="2018-06-20T05:24:09Z">
          <reporter-output>
          </reporter-output>
        </test-method> <!-- createAndVerifyCandidateProfile -->
        <test-method status="PASS" signature="logoutApplication()[pri:0, instance:OrangeHrmLIve.HomePageTest@6a1aab78]" name="logoutApplication" is-config="true" duration-ms="1575" started-at="2018-06-20T05:24:09Z" finished-at="2018-06-20T05:24:10Z">
          <reporter-output>
          </reporter-output>
        </test-method> <!-- logoutApplication -->
      </class> <!-- OrangeHrmLIve.HomePageTest -->
    </test> <!-- Default test -->
  </suite> <!-- Default suite -->
</testng-results>
